WARN | 12:51:13 PM | vscode-loader: Could not find package.json(c) in path  (expanded to nil).
WARN | 12:51:13 PM | vscode-loader: Could not resolve all manifests for paths `{ "" }`: only found `{}`
WARN | 12:51:13 PM | snipmate-loader: Could not resolve all collection-roots for paths `{ "" }`: only found `{}`
WARN | 12:51:13 PM | lua-loader: Could not resolve all collection-roots for paths `{ "" }`: only found `{}`
WARN | 1:14:52 PM | vscode-loader: Could not find package.json(c) in path  (expanded to nil).
WARN | 1:14:52 PM | vscode-loader: Could not resolve all manifests for paths `{ "" }`: only found `{}`
WARN | 1:14:52 PM | snipmate-loader: Could not resolve all collection-roots for paths `{ "" }`: only found `{}`
WARN | 1:14:52 PM | lua-loader: Could not resolve all collection-roots for paths `{ "" }`: only found `{}`
WARN | 3:40:10 PM | vscode-loader: Could not find package.json(c) in path  (expanded to nil).
WARN | 3:40:10 PM | vscode-loader: Could not resolve all manifests for paths `{ "" }`: only found `{}`
WARN | 3:40:10 PM | snipmate-loader: Could not resolve all collection-roots for paths `{ "" }`: only found `{}`
WARN | 3:40:10 PM | lua-loader: Could not resolve all collection-roots for paths `{ "" }`: only found `{}`
WARN | 3:47:40 PM | vscode-loader: Could not find package.json(c) in path  (expanded to nil).
WARN | 3:47:40 PM | vscode-loader: Could not resolve all manifests for paths `{ "" }`: only found `{}`
WARN | 3:47:40 PM | snipmate-loader: Could not resolve all collection-roots for paths `{ "" }`: only found `{}`
WARN | 3:47:40 PM | lua-loader: Could not resolve all collection-roots for paths `{ "" }`: only found `{}`
WARN | 3:48:14 PM | vscode-loader: Could not find package.json(c) in path  (expanded to nil).
WARN | 3:48:14 PM | vscode-loader: Could not resolve all manifests for paths `{ "" }`: only found `{}`
WARN | 3:48:14 PM | snipmate-loader: Could not resolve all collection-roots for paths `{ "" }`: only found `{}`
WARN | 3:48:14 PM | lua-loader: Could not resolve all collection-roots for paths `{ "" }`: only found `{}`
WARN | 3:56:58 PM | vscode-loader: Could not find package.json(c) in path  (expanded to nil).
WARN | 3:56:58 PM | vscode-loader: Could not resolve all manifests for paths `{ "" }`: only found `{}`
WARN | 3:56:58 PM | snipmate-loader: Could not resolve all collection-roots for paths `{ "" }`: only found `{}`
WARN | 3:56:58 PM | lua-loader: Could not resolve all collection-roots for paths `{ "" }`: only found `{}`
WARN | 3:58:23 PM | vscode-loader: Could not find package.json(c) in path  (expanded to nil).
WARN | 3:58:23 PM | vscode-loader: Could not resolve all manifests for paths `{ "" }`: only found `{}`
WARN | 3:58:23 PM | snipmate-loader: Could not resolve all collection-roots for paths `{ "" }`: only found `{}`
WARN | 3:58:23 PM | lua-loader: Could not resolve all collection-roots for paths `{ "" }`: only found `{}`
WARN | 4:01:56 PM | vscode-loader: Could not find package.json(c) in path  (expanded to nil).
WARN | 4:01:56 PM | vscode-loader: Could not resolve all manifests for paths `{ "" }`: only found `{}`
WARN | 4:01:56 PM | snipmate-loader: Could not resolve all collection-roots for paths `{ "" }`: only found `{}`
WARN | 4:01:56 PM | lua-loader: Could not resolve all collection-roots for paths `{ "" }`: only found `{}`
WARN | 4:09:22 PM | vscode-loader: Could not find package.json(c) in path  (expanded to nil).
WARN | 4:09:22 PM | vscode-loader: Could not resolve all manifests for paths `{ "" }`: only found `{}`
WARN | 4:09:22 PM | snipmate-loader: Could not resolve all collection-roots for paths `{ "" }`: only found `{}`
WARN | 4:09:22 PM | lua-loader: Could not resolve all collection-roots for paths `{ "" }`: only found `{}`
WARN | 4:10:00 PM | vscode-loader: Could not find package.json(c) in path  (expanded to nil).
WARN | 4:10:00 PM | vscode-loader: Could not resolve all manifests for paths `{ "" }`: only found `{}`
WARN | 4:10:00 PM | snipmate-loader: Could not resolve all collection-roots for paths `{ "" }`: only found `{}`
WARN | 4:10:00 PM | lua-loader: Could not resolve all collection-roots for paths `{ "" }`: only found `{}`
WARN | 4:11:02 PM | vscode-loader: Could not find package.json(c) in path  (expanded to nil).
WARN | 4:11:02 PM | vscode-loader: Could not resolve all manifests for paths `{ "" }`: only found `{}`
WARN | 4:11:02 PM | snipmate-loader: Could not resolve all collection-roots for paths `{ "" }`: only found `{}`
WARN | 4:11:02 PM | lua-loader: Could not resolve all collection-roots for paths `{ "" }`: only found `{}`
WARN | 4:11:55 PM | vscode-loader: Could not find package.json(c) in path  (expanded to nil).
WARN | 4:11:55 PM | vscode-loader: Could not resolve all manifests for paths `{ "" }`: only found `{}`
WARN | 4:11:55 PM | snipmate-loader: Could not resolve all collection-roots for paths `{ "" }`: only found `{}`
WARN | 4:11:55 PM | lua-loader: Could not resolve all collection-roots for paths `{ "" }`: only found `{}`
WARN | 4:15:09 PM | vscode-loader: Could not find package.json(c) in path  (expanded to nil).
WARN | 4:15:09 PM | vscode-loader: Could not resolve all manifests for paths `{ "" }`: only found `{}`
WARN | 4:15:09 PM | snipmate-loader: Could not resolve all collection-roots for paths `{ "" }`: only found `{}`
WARN | 4:15:09 PM | lua-loader: Could not resolve all collection-roots for paths `{ "" }`: only found `{}`
WARN | 4:15:57 PM | vscode-loader: Could not find package.json(c) in path  (expanded to nil).
WARN | 4:15:57 PM | vscode-loader: Could not resolve all manifests for paths `{ "" }`: only found `{}`
WARN | 4:15:57 PM | snipmate-loader: Could not resolve all collection-roots for paths `{ "" }`: only found `{}`
WARN | 4:15:57 PM | lua-loader: Could not resolve all collection-roots for paths `{ "" }`: only found `{}`
WARN | 4:19:46 PM | vscode-loader: Could not find package.json(c) in path  (expanded to nil).
WARN | 4:19:46 PM | vscode-loader: Could not resolve all manifests for paths `{ "" }`: only found `{}`
WARN | 4:19:46 PM | snipmate-loader: Could not resolve all collection-roots for paths `{ "" }`: only found `{}`
WARN | 4:19:46 PM | lua-loader: Could not resolve all collection-roots for paths `{ "" }`: only found `{}`
WARN | 4:28:25 PM | vscode-loader: Could not find package.json(c) in path  (expanded to nil).
WARN | 4:28:25 PM | vscode-loader: Could not resolve all manifests for paths `{ "" }`: only found `{}`
WARN | 4:28:25 PM | snipmate-loader: Could not resolve all collection-roots for paths `{ "" }`: only found `{}`
WARN | 4:28:25 PM | lua-loader: Could not resolve all collection-roots for paths `{ "" }`: only found `{}`
WARN | 4:34:03 PM | vscode-loader: Could not find package.json(c) in path  (expanded to nil).
WARN | 4:34:03 PM | vscode-loader: Could not resolve all manifests for paths `{ "" }`: only found `{}`
WARN | 4:34:03 PM | snipmate-loader: Could not resolve all collection-roots for paths `{ "" }`: only found `{}`
WARN | 4:34:03 PM | lua-loader: Could not resolve all collection-roots for paths `{ "" }`: only found `{}`
WARN | 4:35:27 PM | vscode-loader: Could not find package.json(c) in path  (expanded to nil).
WARN | 4:35:27 PM | vscode-loader: Could not resolve all manifests for paths `{ "" }`: only found `{}`
WARN | 4:35:27 PM | snipmate-loader: Could not resolve all collection-roots for paths `{ "" }`: only found `{}`
WARN | 4:35:27 PM | lua-loader: Could not resolve all collection-roots for paths `{ "" }`: only found `{}`
WARN | 4:37:19 PM | vscode-loader: Could not find package.json(c) in path  (expanded to nil).
WARN | 4:37:19 PM | vscode-loader: Could not resolve all manifests for paths `{ "" }`: only found `{}`
WARN | 4:37:19 PM | snipmate-loader: Could not resolve all collection-roots for paths `{ "" }`: only found `{}`
WARN | 4:37:19 PM | lua-loader: Could not resolve all collection-roots for paths `{ "" }`: only found `{}`
WARN | 4:44:35 PM | vscode-loader: Could not find package.json(c) in path  (expanded to nil).
WARN | 4:44:35 PM | vscode-loader: Could not resolve all manifests for paths `{ "" }`: only found `{}`
WARN | 4:44:35 PM | snipmate-loader: Could not resolve all collection-roots for paths `{ "" }`: only found `{}`
WARN | 4:44:35 PM | lua-loader: Could not resolve all collection-roots for paths `{ "" }`: only found `{}`
WARN | 4:45:20 PM | vscode-loader: Could not find package.json(c) in path  (expanded to nil).
WARN | 4:45:20 PM | vscode-loader: Could not resolve all manifests for paths `{ "" }`: only found `{}`
WARN | 4:45:20 PM | snipmate-loader: Could not resolve all collection-roots for paths `{ "" }`: only found `{}`
WARN | 4:45:20 PM | lua-loader: Could not resolve all collection-roots for paths `{ "" }`: only found `{}`
WARN | 5:05:40 PM | vscode-loader: Could not find package.json(c) in path  (expanded to nil).
WARN | 5:05:40 PM | vscode-loader: Could not resolve all manifests for paths `{ "" }`: only found `{}`
WARN | 5:05:40 PM | snipmate-loader: Could not resolve all collection-roots for paths `{ "" }`: only found `{}`
WARN | 5:05:40 PM | lua-loader: Could not resolve all collection-roots for paths `{ "" }`: only found `{}`
WARN | 5:06:12 PM | vscode-loader: Could not find package.json(c) in path  (expanded to nil).
WARN | 5:06:12 PM | vscode-loader: Could not resolve all manifests for paths `{ "" }`: only found `{}`
WARN | 5:06:12 PM | snipmate-loader: Could not resolve all collection-roots for paths `{ "" }`: only found `{}`
WARN | 5:06:12 PM | lua-loader: Could not resolve all collection-roots for paths `{ "" }`: only found `{}`
WARN | 5:29:23 PM | vscode-loader: Could not find package.json(c) in path  (expanded to nil).
WARN | 5:29:23 PM | vscode-loader: Could not resolve all manifests for paths `{ "" }`: only found `{}`
WARN | 5:29:23 PM | snipmate-loader: Could not resolve all collection-roots for paths `{ "" }`: only found `{}`
WARN | 5:29:23 PM | lua-loader: Could not resolve all collection-roots for paths `{ "" }`: only found `{}`
WARN | 5:30:44 PM | vscode-loader: Could not find package.json(c) in path  (expanded to nil).
WARN | 5:30:44 PM | vscode-loader: Could not resolve all manifests for paths `{ "" }`: only found `{}`
WARN | 5:30:44 PM | snipmate-loader: Could not resolve all collection-roots for paths `{ "" }`: only found `{}`
WARN | 5:30:44 PM | lua-loader: Could not resolve all collection-roots for paths `{ "" }`: only found `{}`
WARN | 5:31:36 PM | vscode-loader: Could not find package.json(c) in path  (expanded to nil).
WARN | 5:31:36 PM | vscode-loader: Could not resolve all manifests for paths `{ "" }`: only found `{}`
WARN | 5:31:36 PM | snipmate-loader: Could not resolve all collection-roots for paths `{ "" }`: only found `{}`
WARN | 5:31:36 PM | lua-loader: Could not resolve all collection-roots for paths `{ "" }`: only found `{}`
WARN | 5:37:09 PM | vscode-loader: Could not find package.json(c) in path  (expanded to nil).
WARN | 5:37:09 PM | vscode-loader: Could not resolve all manifests for paths `{ "" }`: only found `{}`
WARN | 5:37:09 PM | snipmate-loader: Could not resolve all collection-roots for paths `{ "" }`: only found `{}`
WARN | 5:37:09 PM | lua-loader: Could not resolve all collection-roots for paths `{ "" }`: only found `{}`
WARN | 5:39:45 PM | vscode-loader: Could not find package.json(c) in path  (expanded to nil).
WARN | 5:39:45 PM | vscode-loader: Could not resolve all manifests for paths `{ "" }`: only found `{}`
WARN | 5:39:45 PM | snipmate-loader: Could not resolve all collection-roots for paths `{ "" }`: only found `{}`
WARN | 5:39:45 PM | lua-loader: Could not resolve all collection-roots for paths `{ "" }`: only found `{}`
WARN | 5:42:53 PM | vscode-loader: Could not find package.json(c) in path  (expanded to nil).
WARN | 5:42:53 PM | vscode-loader: Could not resolve all manifests for paths `{ "" }`: only found `{}`
WARN | 5:42:53 PM | snipmate-loader: Could not resolve all collection-roots for paths `{ "" }`: only found `{}`
WARN | 5:42:53 PM | lua-loader: Could not resolve all collection-roots for paths `{ "" }`: only found `{}`
WARN | 5:45:00 PM | vscode-loader: Could not find package.json(c) in path  (expanded to nil).
WARN | 5:45:00 PM | vscode-loader: Could not resolve all manifests for paths `{ "" }`: only found `{}`
WARN | 5:45:00 PM | snipmate-loader: Could not resolve all collection-roots for paths `{ "" }`: only found `{}`
WARN | 5:45:00 PM | lua-loader: Could not resolve all collection-roots for paths `{ "" }`: only found `{}`
WARN | 5:46:17 PM | vscode-loader: Could not find package.json(c) in path  (expanded to nil).
WARN | 5:46:17 PM | vscode-loader: Could not resolve all manifests for paths `{ "" }`: only found `{}`
WARN | 5:46:17 PM | snipmate-loader: Could not resolve all collection-roots for paths `{ "" }`: only found `{}`
WARN | 5:46:17 PM | lua-loader: Could not resolve all collection-roots for paths `{ "" }`: only found `{}`
WARN | 5:47:31 PM | vscode-loader: Could not find package.json(c) in path  (expanded to nil).
WARN | 5:47:31 PM | vscode-loader: Could not resolve all manifests for paths `{ "" }`: only found `{}`
WARN | 5:47:31 PM | snipmate-loader: Could not resolve all collection-roots for paths `{ "" }`: only found `{}`
WARN | 5:47:31 PM | lua-loader: Could not resolve all collection-roots for paths `{ "" }`: only found `{}`
WARN | 5:48:14 PM | vscode-loader: Could not find package.json(c) in path  (expanded to nil).
WARN | 5:48:14 PM | vscode-loader: Could not resolve all manifests for paths `{ "" }`: only found `{}`
WARN | 5:48:14 PM | snipmate-loader: Could not resolve all collection-roots for paths `{ "" }`: only found `{}`
WARN | 5:48:14 PM | lua-loader: Could not resolve all collection-roots for paths `{ "" }`: only found `{}`
WARN | 9:53:32 PM | vscode-loader: Could not find package.json(c) in path  (expanded to nil).
WARN | 9:53:32 PM | vscode-loader: Could not resolve all manifests for paths `{ "" }`: only found `{}`
WARN | 9:53:32 PM | snipmate-loader: Could not resolve all collection-roots for paths `{ "" }`: only found `{}`
WARN | 9:53:32 PM | lua-loader: Could not resolve all collection-roots for paths `{ "" }`: only found `{}`
WARN | 10:02:52 PM | vscode-loader: Could not find package.json(c) in path  (expanded to nil).
WARN | 10:02:52 PM | vscode-loader: Could not resolve all manifests for paths `{ "" }`: only found `{}`
WARN | 10:02:52 PM | snipmate-loader: Could not resolve all collection-roots for paths `{ "" }`: only found `{}`
WARN | 10:02:52 PM | lua-loader: Could not resolve all collection-roots for paths `{ "" }`: only found `{}`
WARN | 10:03:29 PM | vscode-loader: Could not find package.json(c) in path  (expanded to nil).
WARN | 10:03:29 PM | vscode-loader: Could not resolve all manifests for paths `{ "" }`: only found `{}`
WARN | 10:03:29 PM | snipmate-loader: Could not resolve all collection-roots for paths `{ "" }`: only found `{}`
WARN | 10:03:29 PM | lua-loader: Could not resolve all collection-roots for paths `{ "" }`: only found `{}`
WARN | 10:04:03 PM | vscode-loader: Could not find package.json(c) in path  (expanded to nil).
WARN | 10:04:03 PM | vscode-loader: Could not resolve all manifests for paths `{ "" }`: only found `{}`
WARN | 10:04:03 PM | snipmate-loader: Could not resolve all collection-roots for paths `{ "" }`: only found `{}`
WARN | 10:04:03 PM | lua-loader: Could not resolve all collection-roots for paths `{ "" }`: only found `{}`
WARN | 10:04:49 PM | vscode-loader: Could not find package.json(c) in path  (expanded to nil).
WARN | 10:04:49 PM | vscode-loader: Could not resolve all manifests for paths `{ "" }`: only found `{}`
WARN | 10:04:49 PM | snipmate-loader: Could not resolve all collection-roots for paths `{ "" }`: only found `{}`
WARN | 10:04:49 PM | lua-loader: Could not resolve all collection-roots for paths `{ "" }`: only found `{}`
WARN | 10:18:20 PM | vscode-loader: Could not find package.json(c) in path  (expanded to nil).
WARN | 10:18:20 PM | vscode-loader: Could not resolve all manifests for paths `{ "" }`: only found `{}`
WARN | 10:18:20 PM | snipmate-loader: Could not resolve all collection-roots for paths `{ "" }`: only found `{}`
WARN | 10:18:20 PM | lua-loader: Could not resolve all collection-roots for paths `{ "" }`: only found `{}`
WARN | 10:22:39 PM | vscode-loader: Could not find package.json(c) in path  (expanded to nil).
WARN | 10:22:39 PM | vscode-loader: Could not resolve all manifests for paths `{ "" }`: only found `{}`
WARN | 10:22:39 PM | snipmate-loader: Could not resolve all collection-roots for paths `{ "" }`: only found `{}`
WARN | 10:22:39 PM | lua-loader: Could not resolve all collection-roots for paths `{ "" }`: only found `{}`
WARN | 10:24:21 PM | vscode-loader: Could not find package.json(c) in path  (expanded to nil).
WARN | 10:24:21 PM | vscode-loader: Could not resolve all manifests for paths `{ "" }`: only found `{}`
WARN | 10:24:21 PM | snipmate-loader: Could not resolve all collection-roots for paths `{ "" }`: only found `{}`
WARN | 10:24:21 PM | lua-loader: Could not resolve all collection-roots for paths `{ "" }`: only found `{}`
WARN | 10:51:50 PM | vscode-loader: Could not find package.json(c) in path  (expanded to nil).
WARN | 10:51:50 PM | vscode-loader: Could not resolve all manifests for paths `{ "" }`: only found `{}`
WARN | 10:51:50 PM | snipmate-loader: Could not resolve all collection-roots for paths `{ "" }`: only found `{}`
WARN | 10:51:50 PM | lua-loader: Could not resolve all collection-roots for paths `{ "" }`: only found `{}`
WARN | 11:05:06 PM | vscode-loader: Could not find package.json(c) in path  (expanded to nil).
WARN | 11:05:06 PM | vscode-loader: Could not resolve all manifests for paths `{ "" }`: only found `{}`
WARN | 11:05:06 PM | snipmate-loader: Could not resolve all collection-roots for paths `{ "" }`: only found `{}`
WARN | 11:05:06 PM | lua-loader: Could not resolve all collection-roots for paths `{ "" }`: only found `{}`
WARN | 11:06:31 PM | vscode-loader: Could not find package.json(c) in path  (expanded to nil).
WARN | 11:06:31 PM | vscode-loader: Could not resolve all manifests for paths `{ "" }`: only found `{}`
WARN | 11:06:31 PM | snipmate-loader: Could not resolve all collection-roots for paths `{ "" }`: only found `{}`
WARN | 11:06:31 PM | lua-loader: Could not resolve all collection-roots for paths `{ "" }`: only found `{}`
WARN | 5:39:26 PM | vscode-loader: Could not find package.json(c) in path  (expanded to nil).
WARN | 5:39:26 PM | vscode-loader: Could not resolve all manifests for paths `{ "" }`: only found `{}`
WARN | 5:39:27 PM | snipmate-loader: Could not resolve all collection-roots for paths `{ "" }`: only found `{}`
WARN | 5:39:27 PM | lua-loader: Could not resolve all collection-roots for paths `{ "" }`: only found `{}`
WARN | 7:26:33 AM | vscode-loader: Could not find package.json(c) in path  (expanded to nil).
WARN | 7:26:33 AM | vscode-loader: Could not resolve all manifests for paths `{ "" }`: only found `{}`
WARN | 7:26:33 AM | snipmate-loader: Could not resolve all collection-roots for paths `{ "" }`: only found `{}`
WARN | 7:26:33 AM | lua-loader: Could not resolve all collection-roots for paths `{ "" }`: only found `{}`
WARN | 12:22:53 PM | vscode-loader: Could not find package.json(c) in path  (expanded to nil).
WARN | 12:22:53 PM | vscode-loader: Could not resolve all manifests for paths `{ "" }`: only found `{}`
WARN | 12:22:53 PM | snipmate-loader: Could not resolve all collection-roots for paths `{ "" }`: only found `{}`
WARN | 12:22:53 PM | lua-loader: Could not resolve all collection-roots for paths `{ "" }`: only found `{}`
WARN | 1:01:16 PM | vscode-loader: Could not find package.json(c) in path  (expanded to nil).
WARN | 1:01:16 PM | vscode-loader: Could not resolve all manifests for paths `{ "" }`: only found `{}`
WARN | 1:01:16 PM | snipmate-loader: Could not resolve all collection-roots for paths `{ "" }`: only found `{}`
WARN | 1:01:16 PM | lua-loader: Could not resolve all collection-roots for paths `{ "" }`: only found `{}`
WARN | 1:03:41 PM | vscode-loader: Could not find package.json(c) in path  (expanded to nil).
WARN | 1:03:41 PM | vscode-loader: Could not resolve all manifests for paths `{ "" }`: only found `{}`
WARN | 1:03:41 PM | snipmate-loader: Could not resolve all collection-roots for paths `{ "" }`: only found `{}`
WARN | 1:03:41 PM | lua-loader: Could not resolve all collection-roots for paths `{ "" }`: only found `{}`
WARN | 12:53:51 PM | vscode-loader: Could not find package.json(c) in path  (expanded to nil).
WARN | 12:53:51 PM | vscode-loader: Could not resolve all manifests for paths `{ "" }`: only found `{}`
WARN | 12:53:51 PM | snipmate-loader: Could not resolve all collection-roots for paths `{ "" }`: only found `{}`
WARN | 12:53:51 PM | lua-loader: Could not resolve all collection-roots for paths `{ "" }`: only found `{}`
WARN | 12:56:27 PM | vscode-loader: Could not find package.json(c) in path  (expanded to nil).
WARN | 12:56:27 PM | vscode-loader: Could not resolve all manifests for paths `{ "" }`: only found `{}`
WARN | 12:56:27 PM | snipmate-loader: Could not resolve all collection-roots for paths `{ "" }`: only found `{}`
WARN | 12:56:27 PM | lua-loader: Could not resolve all collection-roots for paths `{ "" }`: only found `{}`
WARN | 1:00:21 PM | vscode-loader: Could not find package.json(c) in path  (expanded to nil).
WARN | 1:00:21 PM | vscode-loader: Could not resolve all manifests for paths `{ "" }`: only found `{}`
WARN | 1:00:21 PM | snipmate-loader: Could not resolve all collection-roots for paths `{ "" }`: only found `{}`
WARN | 1:00:21 PM | lua-loader: Could not resolve all collection-roots for paths `{ "" }`: only found `{}`
WARN | 1:01:39 PM | vscode-loader: Could not find package.json(c) in path  (expanded to nil).
WARN | 1:01:39 PM | vscode-loader: Could not resolve all manifests for paths `{ "" }`: only found `{}`
WARN | 1:01:39 PM | snipmate-loader: Could not resolve all collection-roots for paths `{ "" }`: only found `{}`
WARN | 1:01:39 PM | lua-loader: Could not resolve all collection-roots for paths `{ "" }`: only found `{}`
WARN | 1:04:34 PM | vscode-loader: Could not find package.json(c) in path  (expanded to nil).
WARN | 1:04:34 PM | vscode-loader: Could not resolve all manifests for paths `{ "" }`: only found `{}`
WARN | 1:04:34 PM | snipmate-loader: Could not resolve all collection-roots for paths `{ "" }`: only found `{}`
WARN | 1:04:34 PM | lua-loader: Could not resolve all collection-roots for paths `{ "" }`: only found `{}`
WARN | 1:05:00 PM | vscode-loader: Could not find package.json(c) in path  (expanded to nil).
WARN | 1:05:00 PM | vscode-loader: Could not resolve all manifests for paths `{ "" }`: only found `{}`
WARN | 1:05:00 PM | snipmate-loader: Could not resolve all collection-roots for paths `{ "" }`: only found `{}`
WARN | 1:05:00 PM | lua-loader: Could not resolve all collection-roots for paths `{ "" }`: only found `{}`
WARN | 1:07:32 PM | vscode-loader: Could not find package.json(c) in path  (expanded to nil).
WARN | 1:07:32 PM | vscode-loader: Could not resolve all manifests for paths `{ "" }`: only found `{}`
WARN | 1:07:32 PM | snipmate-loader: Could not resolve all collection-roots for paths `{ "" }`: only found `{}`
WARN | 1:07:32 PM | lua-loader: Could not resolve all collection-roots for paths `{ "" }`: only found `{}`
